Running G01_arxiv_paper_search...
Running G02_company_tool_usage_policy...
Running G03_bill_gates_timeline...
Running G04_monthly_news_timeframe...
Running G05_out_of_scope_translation...
Running G06_missing_topic_then_search...
Running G07_switch_to_arxiv...
Running G08_correct_url...
Running G09_change_search_type...
Running G10_confirm_send_multiturn...
G01_arxiv_paper_search       PASS  
G02_company_tool_usage_policy PASS  
G03_bill_gates_timeline      PASS  
G04_monthly_news_timeframe   FAIL  provider_error
G05_out_of_scope_translation PASS  
G06_missing_topic_then_search FAIL  provider_error
G07_switch_to_arxiv          PASS  
G08_correct_url              FAIL  provider_error
G09_change_search_type       PASS  
G10_confirm_send_multiturn   FAIL  provider_error

total_cases: 10
measured_cases: 6
provider_error_cases: 4
passed_cases: 6
case_accuracy: 1.0
tool_routing_accuracy: 1.0
argument_accuracy: 1.0
multiturn_accuracy: 1.0
failure_counts: {}
observed_mismatch_counts: {}

Artifact version: v3+pa80737feb65a+t5a5654b56fe9

Saved: /home/namtp2124/Day04-C401-Prompt-Engineering-Tool-Calling-Labs-student/starter_v0/runs/v3_B_group_gemini_20260602T213429236044.json
