Running R01_user_tweets_routing...
Running R02_search_tweets_routing...
Running R03_web_news_routing...
Running R04_read_url_routing...
Running R05_limit_arg...
Running R06_timeframe_arg...
Running R07_search_type_arg...
Running R08_out_of_scope...
Running R09_no_tool_capability...
Running R10_missing_handle...
Running R11_missing_url...
Running R12_confirm_before_send...
Running R13_parallel_web_and_tweets...
Running R14_out_of_scope_coding...
Running M01_clarify_then_fill...
Running M02_carryover_timeframe...
Running M03_correction_handle...
Running M04_clarify_then_url...
Running M05_correction_limit...
Running M06_switch_tool...
R01_user_tweets_routing      FAIL  provider_error
R02_search_tweets_routing    FAIL  provider_error
R03_web_news_routing         FAIL  provider_error
R04_read_url_routing         FAIL  provider_error
R05_limit_arg                FAIL  provider_error
R06_timeframe_arg            FAIL  provider_error
R07_search_type_arg          FAIL  provider_error
R08_out_of_scope             FAIL  provider_error
R09_no_tool_capability       FAIL  provider_error
R10_missing_handle           FAIL  provider_error
R11_missing_url              FAIL  provider_error
R12_confirm_before_send      FAIL  provider_error
R13_parallel_web_and_tweets  FAIL  provider_error
R14_out_of_scope_coding      FAIL  provider_error
M01_clarify_then_fill        FAIL  provider_error
M02_carryover_timeframe      FAIL  provider_error
M03_correction_handle        FAIL  provider_error
M04_clarify_then_url         FAIL  provider_error
M05_correction_limit         FAIL  provider_error
M06_switch_tool              FAIL  provider_error

total_cases: 20
measured_cases: 0
provider_error_cases: 20
passed_cases: 0
case_accuracy: 0.0
failure_counts: {}
observed_mismatch_counts: {}

Artifact version: v1+pa80737feb65a+t5a5654b56fe9

Saved: /home/namtp2124/Day04-C401-Prompt-Engineering-Tool-Calling-Labs-student/starter_v0/runs/v1_B_base_gemini_20260602T213251778122.json
